09:43:09.650 [JavaFX Application Thread] DEBUG GameApplication      - Logger initialized
09:43:09.652 [JavaFX Application Thread] DEBUG GameApplication      - Logging settings
Title: Muse
Version: 0.0.1-SNAPSHOT
Width: 600
Height: 800
Fullscreen: false
Intro: false
Menus: false
Profiling: false
Single step:false
App Mode: DEVELOPER
Menu Key: ESCAPE
Stage Style: DECORATED
Scene Factory: class com.almasb.fxgl.scene.SceneFactory
Dialog Factory: class com.almasb.fxgl.ui.FXGLDialogFactory
UI Factory: class com.almasb.fxgl.ui.FXGLUIFactory
Notification Service: class com.almasb.fxgl.gameplay.notification.XboxNotificationView
Exception Handler: class com.almasb.fxgl.app.FXGLExceptionHandler
09:43:09.652 [JavaFX Application Thread] DEBUG GameApplication      - Starting FXGL
09:43:09.658 [JavaFX Application Thread] INFO  FXGL                 - FXGL-0.5.4 on DESKTOP
09:43:09.658 [JavaFX Application Thread] INFO  FXGL                 - Source code and latest versions at: https://github.com/AlmasB/FXGL
09:43:09.658 [JavaFX Application Thread] INFO  FXGL                 -              Join the FXGL chat at: https://gitter.im/AlmasB/FXGL
09:43:09.659 [JavaFX Application Thread] DEBUG FXGL                 - FXGL started
09:43:09.659 [JavaFX Application Thread] DEBUG FXGL                 - Initializing FXGL
09:43:09.687 [JavaFX Application Thread] DEBUG AssetLoader          - Loading from disk: /assets/ui/cursors/fxgl_default.png
09:43:09.751 [JavaFX Application Thread] DEBUG AssetLoader          - Loading from disk: /assets/ui/fonts/VarelaRound-Regular.ttf
09:43:09.785 [JavaFX Application Thread] DEBUG MainWindow           - Creating a JavaFX scene
09:43:09.809 [JavaFX Application Thread] DEBUG MainWindow           - Target settings size: 600.0 x 800.0
09:43:09.809 [JavaFX Application Thread] DEBUG MainWindow           - Scaled scene size:    600.0 x 800.0
09:43:09.809 [JavaFX Application Thread] DEBUG MainWindow           - Scaled ratio: (1.0, 1.0)
09:43:09.812 [JavaFX Application Thread] DEBUG AssetLoader          - Loading from disk: /assets/ui/css/fxgl_dark.css
09:43:09.815 [JavaFX Application Thread] DEBUG AssetLoader          - Loading from disk: /assets/textures/fxgl_icon.png
09:43:09.832 [JavaFX Application Thread] DEBUG MainWindow           - Opening main window
09:43:09.906 [JavaFX Application Thread] DEBUG MainWindow           - Window border size: (0.0, 35.0)
09:43:09.907 [JavaFX Application Thread] DEBUG MainWindow           - Scaled size: 600.0 x 765.0
09:43:09.907 [JavaFX Application Thread] DEBUG MainWindow           - Scaled ratio: (1.0, 0.95625)
09:43:09.907 [JavaFX Application Thread] DEBUG MainWindow           - Scene size: 600.0 x 800.0
09:43:09.907 [JavaFX Application Thread] DEBUG MainWindow           - Stage size: 600.0 x 800.0
09:43:09.931 [ForkJoinPool.commonPool-worker-1] DEBUG FS                   - Loaded DesktopFSService
09:43:09.931 [ForkJoinPool.commonPool-worker-1] DEBUG FXGL                 - Loading FXGL system data
09:43:09.933 [ForkJoinPool.commonPool-worker-1] WARN  FXGL                 - Failed to load: java.io.FileNotFoundException: Path system/fxgl.bundle does not exist
09:43:09.933 [ForkJoinPool.commonPool-worker-1] DEBUG FXGL                 - Loading default FXGL system data
09:43:09.934 [ForkJoinPool.commonPool-worker-1] DEBUG FXGL                 - Initializing state machine and application states
09:43:09.935 [ForkJoinPool.commonPool-worker-2] DEBUG UpdaterTask          - Checking for updates
09:43:09.935 [ForkJoinPool.commonPool-worker-1] DEBUG AssetLoader          - Loading from disk: /assets/ui/cursors/fxgl_default.png
09:43:09.939 [ForkJoinPool.commonPool-worker-1] DEBUG AssetLoader          - Loading from disk: /assets/ui/cursors/fxgl_default.png
09:43:09.944 [ForkJoinPool.commonPool-worker-1] DEBUG AssetLoader          - Loading from cache: /assets/ui/fonts/VarelaRound-Regular.ttf
09:43:09.947 [ForkJoinPool.commonPool-worker-1] DEBUG AssetLoader          - Loading from disk: /assets/ui/cursors/fxgl_default.png
09:43:09.951 [ForkJoinPool.commonPool-worker-1] DEBUG GameScene            - Game scene initialized: 600x800
09:43:09.955 [ForkJoinPool.commonPool-worker-1] DEBUG GameWorld            - Game world initialized
09:43:09.994 [ForkJoinPool.commonPool-worker-1] DEBUG PhysicsWorld         - Physics world initialized: appHeight=800, physics.ppm=50.0
09:43:10.010 [ForkJoinPool.commonPool-worker-1] DEBUG Input                - Registered new binding: Pause - Esc
09:43:10.038 [JavaFX Application Thread] DEBUG FXGL                 - Running preInit()
09:43:10.039 [JavaFX Application Thread] DEBUG Input                - Registered new binding: Screenshot - P
09:43:10.040 [JavaFX Application Thread] DEBUG Input                - Registered new binding: Dev Options - CTRL+0
09:43:10.040 [JavaFX Application Thread] DEBUG Input                - Registered new binding: System info dump - CTRL+9
09:43:10.041 [JavaFX Application Thread] DEBUG Input                - Registered new binding: Restart - CTRL+R
09:43:10.042 [JavaFX Application Thread] DEBUG Input                - Registered new binding: Spawn Code Block - CTRL+LMB
09:43:10.042 [JavaFX Application Thread] INFO  FXGL                 - FXGL initialization took: 0.383 sec
09:43:10.042 [JavaFX Application Thread] DEBUG LoopRunner           - Starting loop
09:43:10.043 [JavaFX Application Thread] DEBUG StartupState         - STARTUP
09:43:10.043 [JavaFX Application Thread] DEBUG GameApplication      - Starting new game
09:43:10.043 [JavaFX Application Thread] DEBUG Input                - Clearing active input actions
09:43:10.044 [JavaFX Application Thread] DEBUG AssetLoader          - Loading from disk: /assets/ui/css/fxgl_dark.css
09:43:10.050 [JavaFX Application Thread] DEBUG AppStateMachine      - StartupState -> LoadingState
09:43:10.053 [FXGL Background Thread 1 ] DEBUG InitAppTask          - Clearing previous game
09:43:10.053 [FXGL Background Thread 1 ] DEBUG GameWorld            - Clearing game world
09:43:10.053 [FXGL Background Thread 1 ] DEBUG PhysicsWorld         - Clearing physics world
09:43:10.053 [FXGL Background Thread 1 ] DEBUG GameScene            - Clearing game scene
09:43:10.054 [FXGL Background Thread 1 ] DEBUG InitAppTask          - Initializing Game
09:43:10.084 [FXGL Background Thread 1 ] DEBUG InitAppTask          - Initializing Physics
09:43:10.085 [FXGL Background Thread 1 ] DEBUG InitAppTask          - Initializing UI
09:43:10.085 [FXGL Background Thread 1 ] DEBUG InitAppTask          - Initialization Complete
09:43:10.085 [FXGL Background Thread 1 ] INFO  InitAppTask          - Game initialization took: 0.032 sec
09:43:10.095 [JavaFX Application Thread] DEBUG Input                - Clearing active input actions
09:43:10.095 [JavaFX Application Thread] DEBUG AssetLoader          - Loading from disk: /assets/ui/css/fxgl_dark.css
09:43:10.101 [JavaFX Application Thread] DEBUG AppStateMachine      - LoadingState -> PlayState
09:43:12.590 [JavaFX Application Thread] DEBUG AssetLoader          - Loading from disk: /assets/textures/TheHopper_Icon.png
09:43:12.590 [JavaFX Application Thread] FATAL AssetLoader          - Loading failed for asset: TheHopper_Icon.png. Cause: Asset "/assets/textures/TheHopper_Icon.png" was not found!
09:43:12.591 [JavaFX Application Thread] FATAL FXGL                 - Uncaught Exception:

Fatal exception occurred: java.lang.IllegalArgumentException : Failed to load asset: TheHopper_Icon.png. Cause: Asset "/assets/textures/TheHopper_Icon.png" was not found!
E: com.almasb.fxgl.asset.AssetLoader.loadFailed(AssetLoader.kt:737)
E: com.almasb.fxgl.asset.AssetLoader.loadTexture(AssetLoader.kt:200)
E: com.almasb.fxgl.entity.components.ViewComponent.setTexture(ViewComponent.java:169)
E: com.almasb.fxgl.entity.components.ViewComponent.setTexture(ViewComponent.java:159)
E: com.almasb.fxgl.entity.Entities$EntityBuilder.viewFromTexture(Entities.java:220)
E: com.sirolf2009.muse.Muse$1.onAction(Muse.java:32)
E: com.almasb.fxgl.input.UserAction.fireAction(UserAction.java:80)
E: com.almasb.fxgl.input.Input.update(Input.kt:148)
E: com.almasb.fxgl.app.State.update(State.java:71)
E: com.almasb.fxgl.app.AppStateMachine.onUpdate(AppStateMachine.java:100)
E: com.almasb.fxgl.app.FXGL.loop(FXGL.kt:356)
E: com.almasb.fxgl.app.FXGL.access$loop(FXGL.kt:54)
E: com.almasb.fxgl.app.FXGL$loop$1.accept(FXGL.kt:78)
E: com.almasb.fxgl.app.FXGL$loop$1.accept(FXGL.kt:54)
E: com.almasb.fxgl.app.LoopRunner.frame(LoopRunner.kt:88)
E: com.almasb.fxgl.app.LoopRunner.access$frame(LoopRunner.kt:19)
E: com.almasb.fxgl.app.LoopRunner$impl$2$1.handle(LoopRunner.kt:39)
E: javafx.animation.AnimationTimer$AnimationTimerReceiver.lambda$handle$485(AnimationTimer.java:57)
E: java.security.AccessController.doPrivileged(Native Method)
E: javafx.animation.AnimationTimer$AnimationTimerReceiver.handle(AnimationTimer.java:56)
E: com.sun.scenario.animation.AbstractMasterTimer.timePulseImpl(AbstractMasterTimer.java:357)
E: com.sun.scenario.animation.AbstractMasterTimer$MainLoop.run(AbstractMasterTimer.java:267)
E: com.sun.javafx.tk.quantum.QuantumToolkit.pulse(QuantumToolkit.java:514)
E: com.sun.javafx.tk.quantum.QuantumToolkit.pulse(QuantumToolkit.java:498)
E: com.sun.javafx.tk.quantum.QuantumToolkit.pulseFromQueue(QuantumToolkit.java:491)
E: com.sun.javafx.tk.quantum.QuantumToolkit.lambda$runToolkit$403(QuantumToolkit.java:319)
E: com.sun.glass.ui.InvokeLaterDispatcher$Future.run(InvokeLaterDispatcher.java:95)
E: com.sun.glass.ui.gtk.GtkApplication._runLoop(Native Method)
E: com.sun.glass.ui.gtk.GtkApplication.lambda$null$48(GtkApplication.java:139)
E: java.lang.Thread.run(Thread.java:748)

09:43:12.591 [JavaFX Application Thread] FATAL FXGL                 - Application will now exit
09:43:12.591 [JavaFX Application Thread] DEBUG LoopRunner           - Stopping loop
09:43:18.258 [JavaFX Application Thread] DEBUG FXGL                 - Exiting FXGL
09:43:18.258 [JavaFX Application Thread] DEBUG FXGL                 - Shutting down background threads
09:43:18.259 [JavaFX Application Thread] DEBUG FXGL                 - Saving FXGL system data
09:43:18.261 [JavaFX Application Thread] DEBUG DesktopFSService     - Writing to: system/fxgl.bundle
09:43:18.265 [JavaFX Application Thread] DEBUG FXGL                 - Closing logger and exiting JavaFX
