11:39:57.183 [JavaFX Application Thread] DEBUG GameApplication      - Logger initialized
11:39:57.187 [JavaFX Application Thread] DEBUG GameApplication      - Logging settings
Title: Muse
Version: 0.0.1-SNAPSHOT
Width: 600
Height: 800
Fullscreen: false
Intro: false
Menus: false
Profiling: false
Single step:false
App Mode: DEVELOPER
Menu Key: ESCAPE
Stage Style: DECORATED
Scene Factory: class com.almasb.fxgl.scene.SceneFactory
Dialog Factory: class com.almasb.fxgl.ui.FXGLDialogFactory
UI Factory: class com.almasb.fxgl.ui.FXGLUIFactory
Notification Service: class com.almasb.fxgl.gameplay.notification.XboxNotificationView
Exception Handler: class com.almasb.fxgl.app.FXGLExceptionHandler
11:39:57.187 [JavaFX Application Thread] DEBUG GameApplication      - Starting FXGL
11:39:57.192 [JavaFX Application Thread] INFO  FXGL                 - FXGL-0.5.4 on DESKTOP
11:39:57.193 [JavaFX Application Thread] INFO  FXGL                 - Source code and latest versions at: https://github.com/AlmasB/FXGL
11:39:57.193 [JavaFX Application Thread] INFO  FXGL                 -              Join the FXGL chat at: https://gitter.im/AlmasB/FXGL
11:39:57.193 [JavaFX Application Thread] DEBUG FXGL                 - FXGL started
11:39:57.193 [JavaFX Application Thread] DEBUG FXGL                 - Initializing FXGL
11:39:57.223 [JavaFX Application Thread] DEBUG AssetLoader          - Loading from disk: /assets/ui/cursors/fxgl_default.png
11:39:57.284 [JavaFX Application Thread] DEBUG AssetLoader          - Loading from disk: /assets/ui/fonts/VarelaRound-Regular.ttf
11:39:57.315 [JavaFX Application Thread] DEBUG MainWindow           - Creating a JavaFX scene
11:39:57.335 [JavaFX Application Thread] DEBUG MainWindow           - Target settings size: 600.0 x 800.0
11:39:57.335 [JavaFX Application Thread] DEBUG MainWindow           - Scaled scene size:    600.0 x 800.0
11:39:57.335 [JavaFX Application Thread] DEBUG MainWindow           - Scaled ratio: (1.0, 1.0)
11:39:57.337 [JavaFX Application Thread] DEBUG AssetLoader          - Loading from disk: /assets/ui/css/fxgl_dark.css
11:39:57.340 [JavaFX Application Thread] DEBUG AssetLoader          - Loading from disk: /assets/textures/fxgl_icon.png
11:39:57.358 [JavaFX Application Thread] DEBUG MainWindow           - Opening main window
11:39:57.435 [JavaFX Application Thread] DEBUG MainWindow           - Window border size: (0.0, 35.0)
11:39:57.435 [JavaFX Application Thread] DEBUG MainWindow           - Scaled size: 600.0 x 765.0
11:39:57.435 [JavaFX Application Thread] DEBUG MainWindow           - Scaled ratio: (1.0, 0.95625)
11:39:57.435 [JavaFX Application Thread] DEBUG MainWindow           - Scene size: 600.0 x 800.0
11:39:57.436 [JavaFX Application Thread] DEBUG MainWindow           - Stage size: 600.0 x 800.0
11:39:57.460 [ForkJoinPool.commonPool-worker-1] DEBUG FS                   - Loaded DesktopFSService
11:39:57.460 [ForkJoinPool.commonPool-worker-1] DEBUG FXGL                 - Loading FXGL system data
11:39:57.464 [ForkJoinPool.commonPool-worker-1] DEBUG DesktopFSService     - Reading from: system/fxgl.bundle
11:39:57.469 [ForkJoinPool.commonPool-worker-1] DEBUG Bundle               - Logging bundle: FXGL
11:39:57.470 [ForkJoinPool.commonPool-worker-1] DEBUG Bundle               - FXGL.offline.timer.version.check=2018-12-28T09:43:10.373
11:39:57.471 [ForkJoinPool.commonPool-worker-1] DEBUG FXGL                 - Initializing state machine and application states
11:39:57.472 [ForkJoinPool.commonPool-worker-1] DEBUG AssetLoader          - Loading from disk: /assets/ui/cursors/fxgl_default.png
11:39:57.477 [ForkJoinPool.commonPool-worker-1] DEBUG AssetLoader          - Loading from disk: /assets/ui/cursors/fxgl_default.png
11:39:57.482 [ForkJoinPool.commonPool-worker-1] DEBUG AssetLoader          - Loading from cache: /assets/ui/fonts/VarelaRound-Regular.ttf
11:39:57.484 [ForkJoinPool.commonPool-worker-1] DEBUG AssetLoader          - Loading from disk: /assets/ui/cursors/fxgl_default.png
11:39:57.487 [ForkJoinPool.commonPool-worker-1] DEBUG GameScene            - Game scene initialized: 600x800
11:39:57.490 [ForkJoinPool.commonPool-worker-1] DEBUG GameWorld            - Game world initialized
11:39:57.520 [ForkJoinPool.commonPool-worker-1] DEBUG PhysicsWorld         - Physics world initialized: appHeight=800, physics.ppm=50.0
11:39:57.533 [ForkJoinPool.commonPool-worker-1] DEBUG Input                - Registered new binding: Pause - Esc
11:39:57.561 [JavaFX Application Thread] DEBUG FXGL                 - Running preInit()
11:39:57.562 [JavaFX Application Thread] DEBUG Input                - Registered new binding: Screenshot - P
11:39:57.562 [JavaFX Application Thread] DEBUG Input                - Registered new binding: Dev Options - CTRL+0
11:39:57.563 [JavaFX Application Thread] DEBUG Input                - Registered new binding: System info dump - CTRL+9
11:39:57.563 [JavaFX Application Thread] DEBUG Input                - Registered new binding: Restart - CTRL+R
11:39:57.564 [JavaFX Application Thread] DEBUG Input                - Registered new binding: Spawn Code Block - CTRL+LMB
11:39:57.565 [JavaFX Application Thread] INFO  FXGL                 - FXGL initialization took: 0.372 sec
11:39:57.565 [JavaFX Application Thread] DEBUG LoopRunner           - Starting loop
11:39:57.566 [JavaFX Application Thread] DEBUG StartupState         - STARTUP
11:39:57.567 [JavaFX Application Thread] DEBUG GameApplication      - Starting new game
11:39:57.567 [JavaFX Application Thread] DEBUG Input                - Clearing active input actions
11:39:57.568 [JavaFX Application Thread] DEBUG AssetLoader          - Loading from disk: /assets/ui/css/fxgl_dark.css
11:39:57.573 [JavaFX Application Thread] DEBUG AppStateMachine      - StartupState -> LoadingState
11:39:57.577 [FXGL Background Thread 1 ] DEBUG InitAppTask          - Clearing previous game
11:39:57.577 [FXGL Background Thread 1 ] DEBUG GameWorld            - Clearing game world
11:39:57.577 [FXGL Background Thread 1 ] DEBUG PhysicsWorld         - Clearing physics world
11:39:57.577 [FXGL Background Thread 1 ] DEBUG GameScene            - Clearing game scene
11:39:57.578 [FXGL Background Thread 1 ] DEBUG InitAppTask          - Initializing Game
11:39:57.584 [FXGL Background Thread 1 ] DEBUG InitAppTask          - Initializing Physics
11:39:57.584 [FXGL Background Thread 1 ] DEBUG InitAppTask          - Initializing UI
11:39:57.585 [FXGL Background Thread 1 ] DEBUG InitAppTask          - Initialization Complete
11:39:57.585 [FXGL Background Thread 1 ] INFO  InitAppTask          - Game initialization took: 0.008 sec
11:39:57.592 [JavaFX Application Thread] DEBUG Input                - Clearing active input actions
11:39:57.592 [JavaFX Application Thread] DEBUG AssetLoader          - Loading from disk: /assets/ui/css/fxgl_dark.css
11:39:57.596 [JavaFX Application Thread] DEBUG AppStateMachine      - LoadingState -> PlayState
11:39:58.701 [JavaFX Application Thread] DEBUG AssetLoader          - Loading from disk: /assets/textures/hopper.png
11:39:58.755 [JavaFX Application Thread] DEBUG GameScene            - Creating render group for layer: DEFAULT(100000)
11:40:02.529 [JavaFX Application Thread] DEBUG FXGL                 - Exiting FXGL
11:40:02.529 [JavaFX Application Thread] DEBUG FXGL                 - Shutting down background threads
11:40:02.529 [JavaFX Application Thread] DEBUG FXGL                 - Saving FXGL system data
11:40:02.531 [JavaFX Application Thread] DEBUG DesktopFSService     - Writing to: system/fxgl.bundle
11:40:02.533 [JavaFX Application Thread] DEBUG FXGL                 - Closing logger and exiting JavaFX
